[ 2026-01-08 17:10:43,320 ] - root - INFO - Exporting data from Mongodb to feature store
[ 2026-01-08 17:10:47,137 ] - root - INFO - Dataframe created successfully from the Mongodb collection
[ 2026-01-08 17:10:47,137 ] - root - INFO - Dataframe shape : (7043, 21)
[ 2026-01-08 17:10:47,137 ] - root - INFO - Exporting data into feature store
[ 2026-01-08 17:10:47,169 ] - root - INFO - Data exported successfully into feature store
[ 2026-01-08 17:10:47,169 ] - root - INFO - Splitting data into train and test set
[ 2026-01-08 17:10:47,185 ] - root - INFO - Creating ingested directory if not available
[ 2026-01-08 17:10:47,230 ] - root - INFO - Train and test file created successfully
[ 2026-01-08 17:10:47,273 ] - root - INFO - Column names train validation completed. Status: True
[ 2026-01-08 17:10:47,283 ] - root - INFO - Column names test validation completed. Status: True
[ 2026-01-08 17:10:47,283 ] - root - WARNING - TotalCharges has 10 invalid numeric values
[ 2026-01-08 17:10:47,283 ] - root - INFO - Numerical columns train validation completed. Status: True
[ 2026-01-08 17:10:47,289 ] - root - WARNING - TotalCharges has 1 invalid numeric values
[ 2026-01-08 17:10:47,289 ] - root - INFO - Numerical columns test validation completed. Status: True
[ 2026-01-08 17:10:47,553 ] - root - INFO - Data drift detection completed. Drift status: True
[ 2026-01-08 17:10:47,585 ] - root - INFO - Reading data from file: artifacts\01_08_2026_17_10_41\data_validation\validated\train.csv
[ 2026-01-08 17:10:47,623 ] - root - INFO - Reading data from file: artifacts\01_08_2026_17_10_41\data_validation\validated\test.csv
[ 2026-01-08 17:10:47,623 ] - root - INFO - Cleaning Dataframe
[ 2026-01-08 17:10:47,639 ] - root - INFO - Cleaning Dataframe
[ 2026-01-08 17:10:47,639 ] - root - INFO - Creating preprocessing pipelines for numerical and categorical data
[ 2026-01-08 17:10:47,646 ] - root - INFO - columns :Index(['gender', 'SeniorCitizen', 'Partner', 'Dependents', 'tenure',
       'PhoneService', 'MultipleLines', 'InternetService', 'OnlineSecurity',
       'OnlineBackup', 'DeviceProtection', 'TechSupport', 'StreamingTV',
       'StreamingMovies', 'Contract', 'PaperlessBilling', 'PaymentMethod',
       'MonthlyCharges', 'TotalCharges'],
      dtype='object') 
[ 2026-01-08 17:10:47,698 ] - root - INFO - Entered the save_object method of MainUtils class
[ 2026-01-08 17:10:47,703 ] - root - INFO - Exited the save_object method of MainUtils class
[ 2026-01-08 17:10:47,705 ] - root - INFO - Training Model: Random Forest
[ 2026-01-08 17:10:48,506 ] - root - INFO - [{'model_name': 'Random Forest', 'model': RandomForestClassifier(class_weight='balanced'), 'train_f1': 0.9973297730307076, 'test_f1': 0.5539906103286385}]
[ 2026-01-08 17:10:48,506 ] - root - INFO - Training Model: Decision Tree
[ 2026-01-08 17:10:48,556 ] - root - INFO - [{'model_name': 'Random Forest', 'model': RandomForestClassifier(class_weight='balanced'), 'train_f1': 0.9973297730307076, 'test_f1': 0.5539906103286385}, {'model_name': 'Decision Tree', 'model': DecisionTreeClassifier(class_weight='balanced'), 'train_f1': 0.9970009996667777, 'test_f1': 0.48412698412698413}]
[ 2026-01-08 17:10:48,556 ] - root - INFO - Training Model: Logistic Regression
[ 2026-01-08 17:10:48,624 ] - root - INFO - [{'model_name': 'Random Forest', 'model': RandomForestClassifier(class_weight='balanced'), 'train_f1': 0.9973297730307076, 'test_f1': 0.5539906103286385}, {'model_name': 'Decision Tree', 'model': DecisionTreeClassifier(class_weight='balanced'), 'train_f1': 0.9970009996667777, 'test_f1': 0.48412698412698413}, {'model_name': 'Logistic Regression', 'model': LogisticRegression(class_weight='balanced', max_iter=1000), 'train_f1': 0.6252598752598753, 'test_f1': 0.6357069143446853}]
[ 2026-01-08 17:10:48,624 ] - root - INFO - Training Model: Naive Bayes
[ 2026-01-08 17:10:48,649 ] - root - INFO - [{'model_name': 'Random Forest', 'model': RandomForestClassifier(class_weight='balanced'), 'train_f1': 0.9973297730307076, 'test_f1': 0.5539906103286385}, {'model_name': 'Decision Tree', 'model': DecisionTreeClassifier(class_weight='balanced'), 'train_f1': 0.9970009996667777, 'test_f1': 0.48412698412698413}, {'model_name': 'Logistic Regression', 'model': LogisticRegression(class_weight='balanced', max_iter=1000), 'train_f1': 0.6252598752598753, 'test_f1': 0.6357069143446853}, {'model_name': 'Naive Bayes', 'model': GaussianNB(), 'train_f1': 0.5930451127819549, 'test_f1': 0.6007462686567164}]
[ 2026-01-08 17:10:48,649 ] - root - INFO - Training Model: Gradient Boosting
[ 2026-01-08 17:10:49,760 ] - root - INFO - [{'model_name': 'Random Forest', 'model': RandomForestClassifier(class_weight='balanced'), 'train_f1': 0.9973297730307076, 'test_f1': 0.5539906103286385}, {'model_name': 'Decision Tree', 'model': DecisionTreeClassifier(class_weight='balanced'), 'train_f1': 0.9970009996667777, 'test_f1': 0.48412698412698413}, {'model_name': 'Logistic Regression', 'model': LogisticRegression(class_weight='balanced', max_iter=1000), 'train_f1': 0.6252598752598753, 'test_f1': 0.6357069143446853}, {'model_name': 'Naive Bayes', 'model': GaussianNB(), 'train_f1': 0.5930451127819549, 'test_f1': 0.6007462686567164}, {'model_name': 'Gradient Boosting', 'model': GradientBoostingClassifier(), 'train_f1': 0.6344569288389513, 'test_f1': 0.5924812030075188}]
[ 2026-01-08 17:10:49,760 ] - root - INFO - Training Model: KNN
[ 2026-01-08 17:10:51,767 ] - root - INFO - [{'model_name': 'Random Forest', 'model': RandomForestClassifier(class_weight='balanced'), 'train_f1': 0.9973297730307076, 'test_f1': 0.5539906103286385}, {'model_name': 'Decision Tree', 'model': DecisionTreeClassifier(class_weight='balanced'), 'train_f1': 0.9970009996667777, 'test_f1': 0.48412698412698413}, {'model_name': 'Logistic Regression', 'model': LogisticRegression(class_weight='balanced', max_iter=1000), 'train_f1': 0.6252598752598753, 'test_f1': 0.6357069143446853}, {'model_name': 'Naive Bayes', 'model': GaussianNB(), 'train_f1': 0.5930451127819549, 'test_f1': 0.6007462686567164}, {'model_name': 'Gradient Boosting', 'model': GradientBoostingClassifier(), 'train_f1': 0.6344569288389513, 'test_f1': 0.5924812030075188}, {'model_name': 'KNN', 'model': KNeighborsClassifier(), 'train_f1': 0.6743215031315241, 'test_f1': 0.5636114911080712}]
[ 2026-01-08 17:10:51,767 ] - root - INFO - Training Model: XG Boost
[ 2026-01-08 17:10:52,813 ] - root - INFO - [{'model_name': 'Random Forest', 'model': RandomForestClassifier(class_weight='balanced'), 'train_f1': 0.9973297730307076, 'test_f1': 0.5539906103286385}, {'model_name': 'Decision Tree', 'model': DecisionTreeClassifier(class_weight='balanced'), 'train_f1': 0.9970009996667777, 'test_f1': 0.48412698412698413}, {'model_name': 'Logistic Regression', 'model': LogisticRegression(class_weight='balanced', max_iter=1000), 'train_f1': 0.6252598752598753, 'test_f1': 0.6357069143446853}, {'model_name': 'Naive Bayes', 'model': GaussianNB(), 'train_f1': 0.5930451127819549, 'test_f1': 0.6007462686567164}, {'model_name': 'Gradient Boosting', 'model': GradientBoostingClassifier(), 'train_f1': 0.6344569288389513, 'test_f1': 0.5924812030075188}, {'model_name': 'KNN', 'model': KNeighborsClassifier(), 'train_f1': 0.6743215031315241, 'test_f1': 0.5636114911080712}, {'model_name': 'XG Boost', 'model': XGBClassifier(base_score=None, booster=None, callbacks=None,
              colsample_bylevel=None, colsample_bynode=None,
              colsample_bytree=None, device=None, early_stopping_rounds=None,
              enable_categorical=False, eval_metric=None, feature_types=None,
              feature_weights=None, gamma=None, grow_policy=None,
              importance_type=None, interaction_constraints=None,
              learning_rate=None, max_bin=None, max_cat_threshold=None,
              max_cat_to_onehot=None, max_delta_step=None, max_depth=None,
              max_leaves=None, min_child_weight=None, missing=nan,
              monotone_constraints=None, multi_strategy=None, n_estimators=None,
              n_jobs=None, num_parallel_tree=None, ...), 'train_f1': 0.8999314599040439, 'test_f1': 0.5591715976331361}]
[ 2026-01-08 17:10:52,819 ] - root - INFO - Training Model: SVC
[ 2026-01-08 17:10:56,078 ] - root - INFO - [{'model_name': 'Random Forest', 'model': RandomForestClassifier(class_weight='balanced'), 'train_f1': 0.9973297730307076, 'test_f1': 0.5539906103286385}, {'model_name': 'Decision Tree', 'model': DecisionTreeClassifier(class_weight='balanced'), 'train_f1': 0.9970009996667777, 'test_f1': 0.48412698412698413}, {'model_name': 'Logistic Regression', 'model': LogisticRegression(class_weight='balanced', max_iter=1000), 'train_f1': 0.6252598752598753, 'test_f1': 0.6357069143446853}, {'model_name': 'Naive Bayes', 'model': GaussianNB(), 'train_f1': 0.5930451127819549, 'test_f1': 0.6007462686567164}, {'model_name': 'Gradient Boosting', 'model': GradientBoostingClassifier(), 'train_f1': 0.6344569288389513, 'test_f1': 0.5924812030075188}, {'model_name': 'KNN', 'model': KNeighborsClassifier(), 'train_f1': 0.6743215031315241, 'test_f1': 0.5636114911080712}, {'model_name': 'XG Boost', 'model': XGBClassifier(base_score=None, booster=None, callbacks=None,
              colsample_bylevel=None, colsample_bynode=None,
              colsample_bytree=None, device=None, early_stopping_rounds=None,
              enable_categorical=False, eval_metric=None, feature_types=None,
              feature_weights=None, gamma=None, grow_policy=None,
              importance_type=None, interaction_constraints=None,
              learning_rate=None, max_bin=None, max_cat_threshold=None,
              max_cat_to_onehot=None, max_delta_step=None, max_depth=None,
              max_leaves=None, min_child_weight=None, missing=nan,
              monotone_constraints=None, multi_strategy=None, n_estimators=None,
              n_jobs=None, num_parallel_tree=None, ...), 'train_f1': 0.8999314599040439, 'test_f1': 0.5591715976331361}, {'model_name': 'SVC', 'model': SVC(), 'train_f1': 0.5971195017516543, 'test_f1': 0.588957055214724}]
[ 2026-01-08 17:10:56,078 ] - root - INFO - Tuning model: Logistic Regression
[ 2026-01-08 17:11:01,695 ] - root - INFO - Logistic Regression | Best Params: {'penalty': 'l2', 'C': 0.1} | CV F1: 0.6221
[ 2026-01-08 17:11:01,711 ] - root - INFO - Logistic Regression | Tuned Train F1: 0.6277, Tuned Test F1: 0.6391
[ 2026-01-08 17:11:01,711 ] - root - INFO - Skipping hyperparameter tuning for Naive Bayes
[ 2026-01-08 17:11:01,711 ] - root - INFO - Entered the save_object method of MainUtils class
[ 2026-01-08 17:11:01,711 ] - root - INFO - Exited the save_object method of MainUtils class
[ 2026-01-08 17:11:01,711 ] - root - INFO - Best Model Saved: Logistic Regression 
[ 2026-01-08 17:11:01,711 ] - root - INFO - Starting model evaluation
[ 2026-01-08 17:11:01,728 ] - root - INFO - Evaluation Metrics | F1: 0.6391 | Precision: 0.5202 | Recall: 0.8284 | AUC: 0.8620
[ 2026-01-08 17:11:01,752 ] - root - INFO - Model acceptance status: True
