[ 2026-01-07 23:35:40,924 ] - root - INFO - Exporting data from Mongodb to feature store
[ 2026-01-07 23:35:43,510 ] - root - INFO - Dataframe created successfully from the Mongodb collection
[ 2026-01-07 23:35:43,526 ] - root - INFO - Dataframe shape : (7043, 21)
[ 2026-01-07 23:35:43,526 ] - root - INFO - Exporting data into feature store
[ 2026-01-07 23:35:43,558 ] - root - INFO - Data exported successfully into feature store
[ 2026-01-07 23:35:43,558 ] - root - INFO - Splitting data into train and test set
[ 2026-01-07 23:35:43,558 ] - root - INFO - Creating ingested directory if not available
[ 2026-01-07 23:35:43,589 ] - root - INFO - Train and test file created successfully
[ 2026-01-07 23:35:43,605 ] - root - INFO - Column names train validation completed. Status: True
[ 2026-01-07 23:35:43,605 ] - root - INFO - Column names test validation completed. Status: True
[ 2026-01-07 23:35:43,624 ] - root - WARNING - TotalCharges has 10 invalid numeric values
[ 2026-01-07 23:35:43,624 ] - root - INFO - Numerical columns train validation completed. Status: True
[ 2026-01-07 23:35:43,626 ] - root - WARNING - TotalCharges has 1 invalid numeric values
[ 2026-01-07 23:35:43,626 ] - root - INFO - Numerical columns test validation completed. Status: True
[ 2026-01-07 23:35:43,808 ] - root - INFO - Data drift detection completed. Drift status: None
[ 2026-01-07 23:35:43,825 ] - root - INFO - Reading data from file: artifacts\01_07_2026_23_35_39\data_validation\validated\train.csv
[ 2026-01-07 23:35:43,851 ] - root - INFO - Reading data from file: artifacts\01_07_2026_23_35_39\data_validation\validated\test.csv
[ 2026-01-07 23:35:43,862 ] - root - INFO - Cleaning Dataframe
[ 2026-01-07 23:35:43,866 ] - root - INFO - Cleaning Dataframe
[ 2026-01-07 23:35:43,868 ] - root - INFO - Creating preprocessing pipelines for numerical and categorical data
[ 2026-01-07 23:35:43,868 ] - root - INFO - columns :Index(['gender', 'SeniorCitizen', 'Partner', 'Dependents', 'tenure',
       'PhoneService', 'MultipleLines', 'InternetService', 'OnlineSecurity',
       'OnlineBackup', 'DeviceProtection', 'TechSupport', 'StreamingTV',
       'StreamingMovies', 'Contract', 'PaperlessBilling', 'PaymentMethod',
       'MonthlyCharges', 'TotalCharges'],
      dtype='object') 
[ 2026-01-07 23:35:43,909 ] - root - INFO - Entered the save_object method of MainUtils class
[ 2026-01-07 23:35:43,910 ] - root - INFO - Exited the save_object method of MainUtils class
[ 2026-01-07 23:35:43,912 ] - root - INFO - Training baseline model: Random Forest
[ 2026-01-07 23:35:44,499 ] - root - INFO - Random Forest | Train F1: 0.9970, Test F1: 0.5291
[ 2026-01-07 23:35:44,499 ] - root - INFO - Training baseline model: Decision Tree
[ 2026-01-07 23:35:44,533 ] - root - INFO - Decision Tree | Train F1: 0.9970, Test F1: 0.4748
[ 2026-01-07 23:35:44,533 ] - root - INFO - Training baseline model: Logistic Regression
[ 2026-01-07 23:35:44,561 ] - root - INFO - Logistic Regression | Train F1: 0.6253, Test F1: 0.6357
[ 2026-01-07 23:35:44,561 ] - root - INFO - Training baseline model: Naive Bayes
[ 2026-01-07 23:35:44,576 ] - root - INFO - Naive Bayes | Train F1: 0.5930, Test F1: 0.6007
[ 2026-01-07 23:35:44,576 ] - root - INFO - Training baseline model: Gradient Boosting
[ 2026-01-07 23:35:45,318 ] - root - INFO - Gradient Boosting | Train F1: 0.6345, Test F1: 0.5925
[ 2026-01-07 23:35:45,318 ] - root - INFO - Training baseline model: KNN
[ 2026-01-07 23:35:46,966 ] - root - INFO - KNN | Train F1: 0.6743, Test F1: 0.5636
[ 2026-01-07 23:35:46,966 ] - root - INFO - Training baseline model: SVC
[ 2026-01-07 23:35:49,612 ] - root - INFO - SVC | Train F1: 0.6565, Test F1: 0.6349
[ 2026-01-07 23:35:49,612 ] - root - INFO - Training baseline model: XGBoost
[ 2026-01-07 23:35:50,459 ] - root - INFO - XGBoost | Train F1: 0.8999, Test F1: 0.5592
[ 2026-01-07 23:35:50,459 ] - root - INFO - Tuning model: Logistic Regression
[ 2026-01-07 23:35:52,997 ] - root - INFO - Logistic Regression | Best Params: {'penalty': 'l2', 'C': 0.1} | CV F1: 0.6221
[ 2026-01-07 23:35:53,002 ] - root - INFO - Tuning model: SVC
[ 2026-01-07 23:36:03,377 ] - root - INFO - SVC | Best Params: {'kernel': 'rbf', 'C': 1} | CV F1: 0.6121
[ 2026-01-07 23:36:05,170 ] - root - INFO - Entered the save_object method of MainUtils class
[ 2026-01-07 23:36:05,171 ] - root - INFO - Exited the save_object method of MainUtils class
[ 2026-01-07 23:36:05,171 ] - root - INFO - Best Model Saved: Logistic Regression | Test F1: 0.6391
