[ 2026-01-07 23:34:11,499 ] - root - INFO - Exporting data from Mongodb to feature store
[ 2026-01-07 23:34:15,197 ] - root - INFO - Dataframe created successfully from the Mongodb collection
[ 2026-01-07 23:34:15,201 ] - root - INFO - Dataframe shape : (7043, 21)
[ 2026-01-07 23:34:15,201 ] - root - INFO - Exporting data into feature store
[ 2026-01-07 23:34:15,229 ] - root - INFO - Data exported successfully into feature store
[ 2026-01-07 23:34:15,229 ] - root - INFO - Splitting data into train and test set
[ 2026-01-07 23:34:15,229 ] - root - INFO - Creating ingested directory if not available
[ 2026-01-07 23:34:15,260 ] - root - INFO - Train and test file created successfully
[ 2026-01-07 23:34:15,292 ] - root - INFO - Column names train validation completed. Status: True
[ 2026-01-07 23:34:15,292 ] - root - INFO - Column names test validation completed. Status: True
[ 2026-01-07 23:34:15,292 ] - root - WARNING - TotalCharges has 10 invalid numeric values
[ 2026-01-07 23:34:15,292 ] - root - INFO - Numerical columns train validation completed. Status: True
[ 2026-01-07 23:34:15,292 ] - root - WARNING - TotalCharges has 1 invalid numeric values
[ 2026-01-07 23:34:15,292 ] - root - INFO - Numerical columns test validation completed. Status: True
[ 2026-01-07 23:34:15,469 ] - root - INFO - Data drift detection completed. Drift status: None
[ 2026-01-07 23:34:15,509 ] - root - INFO - Reading data from file: artifacts\01_07_2026_23_34_10\data_validation\validated\train.csv
[ 2026-01-07 23:34:15,524 ] - root - INFO - Reading data from file: artifacts\01_07_2026_23_34_10\data_validation\validated\test.csv
[ 2026-01-07 23:34:15,524 ] - root - INFO - Cleaning Dataframe
[ 2026-01-07 23:34:15,524 ] - root - INFO - Cleaning Dataframe
[ 2026-01-07 23:34:15,524 ] - root - INFO - Creating preprocessing pipelines for numerical and categorical data
[ 2026-01-07 23:34:15,524 ] - root - INFO - columns :Index(['gender', 'SeniorCitizen', 'Partner', 'Dependents', 'tenure',
       'PhoneService', 'MultipleLines', 'InternetService', 'OnlineSecurity',
       'OnlineBackup', 'DeviceProtection', 'TechSupport', 'StreamingTV',
       'StreamingMovies', 'Contract', 'PaperlessBilling', 'PaymentMethod',
       'MonthlyCharges', 'TotalCharges'],
      dtype='object') 
[ 2026-01-07 23:34:15,578 ] - root - INFO - Entered the save_object method of MainUtils class
[ 2026-01-07 23:34:15,578 ] - root - INFO - Exited the save_object method of MainUtils class
[ 2026-01-07 23:34:15,578 ] - root - INFO - Training baseline model: Random Forest
[ 2026-01-07 23:34:16,088 ] - root - INFO - Random Forest | Train F1: 0.9970, Test F1: 0.5291
[ 2026-01-07 23:34:16,088 ] - root - INFO - Training baseline model: Decision Tree
[ 2026-01-07 23:34:16,136 ] - root - INFO - Decision Tree | Train F1: 0.9970, Test F1: 0.4748
[ 2026-01-07 23:34:16,136 ] - root - INFO - Training baseline model: Logistic Regression
[ 2026-01-07 23:34:16,167 ] - root - INFO - Logistic Regression | Train F1: 0.6253, Test F1: 0.6357
[ 2026-01-07 23:34:16,167 ] - root - INFO - Training baseline model: Naive Bayes
[ 2026-01-07 23:34:16,183 ] - root - INFO - Naive Bayes | Train F1: 0.5930, Test F1: 0.6007
[ 2026-01-07 23:34:16,183 ] - root - INFO - Training baseline model: Gradient Boosting
[ 2026-01-07 23:34:16,994 ] - root - INFO - Gradient Boosting | Train F1: 0.6345, Test F1: 0.5925
[ 2026-01-07 23:34:16,994 ] - root - INFO - Training baseline model: KNN
[ 2026-01-07 23:34:18,641 ] - root - INFO - KNN | Train F1: 0.6743, Test F1: 0.5636
[ 2026-01-07 23:34:18,641 ] - root - INFO - Training baseline model: SVC
[ 2026-01-07 23:34:21,154 ] - root - INFO - SVC | Train F1: 0.6565, Test F1: 0.6349
[ 2026-01-07 23:34:21,154 ] - root - INFO - Training baseline model: XGBoost
[ 2026-01-07 23:34:22,042 ] - root - INFO - XGBoost | Train F1: 0.8999, Test F1: 0.5592
[ 2026-01-07 23:34:22,044 ] - root - INFO - Tuning model: Logistic Regression
[ 2026-01-07 23:34:22,044 ] - root - ERROR - Error in main.py
